<?xml version="1.0" encoding="UTF-8"?>
<!-- Generated by org.testng.reporters.JUnitXMLReporter -->
<testsuite hostname="HUNTER" ignored="0" name="Activity Log Tests" tests="4" failures="4" timestamp="15 Jul 2020 07:21:47 GMT" time="275.511" errors="0">
  <testcase name="verifyActivityLogForAssetCreation" time="31.817" classname="unbxdTests.testNg.ui.pim.ActivityLog_Tests">
    <failure type="java.lang.IndexOutOfBoundsException" message="Index: 0, Size: 0">
      <![CDATA[java.lang.IndexOutOfBoundsException: Index: 0, Size: 0
	at java.util.ArrayList.rangeCheck(Unknown Source)
	at java.util.ArrayList.get(Unknown Source)
	at org.fluentlenium.core.FluentAdapter$FluentListInvocationHandler.invoke(FluentAdapter.java:204)
	at com.sun.proxy.$Proxy13.get(Unknown Source)
	at core.pages.pim.ActivityLog_Page.retrieveLatestActivityLog(ActivityLog_Page.java:37)
	at unbxdTests.testNg.ui.pim.ActivityLog_Tests.verifyActivityLogForAssetCreation(ActivityLog_Tests.java:116)
... Removed 28 stack frames]]>
    </failure>
  </testcase> <!-- verifyActivityLogForAssetCreation -->
  <testcase name="verifyAssetAssociationLog" time="31.798" classname="unbxdTests.testNg.ui.pim.ActivityLog_Tests">
    <failure type="java.lang.IndexOutOfBoundsException" message="Index: 0, Size: 0">
      <![CDATA[java.lang.IndexOutOfBoundsException: Index: 0, Size: 0
	at java.util.ArrayList.rangeCheck(Unknown Source)
	at java.util.ArrayList.get(Unknown Source)
	at org.fluentlenium.core.FluentAdapter$FluentListInvocationHandler.invoke(FluentAdapter.java:204)
	at com.sun.proxy.$Proxy13.get(Unknown Source)
	at core.pages.pim.ActivityLog_Page.retrieveLatestActivityLog(ActivityLog_Page.java:37)
	at unbxdTests.testNg.ui.pim.ActivityLog_Tests.verifyAssetAssociationLog(ActivityLog_Tests.java:127)
... Removed 28 stack frames]]>
    </failure>
  </testcase> <!-- verifyAssetAssociationLog -->
  <testcase name="verifyImageLog" time="68.153" classname="unbxdTests.testNg.ui.pim.ActivityLog_Tests">
    <failure type="java.lang.AssertionError" message="expected [Product updated successfully] but found [null]">
      <![CDATA[java.lang.AssertionError: expected [Product updated successfully] but found [null]
	at unbxdTests.testNg.ui.pim.ActivityLog_Tests.verifyImageLog(ActivityLog_Tests.java:144)
... Removed 31 stack frames]]>
    </failure>
  </testcase> <!-- verifyImageLog -->
  <testcase name="verifyLogWhenOnNoModification" time="68.187" classname="unbxdTests.testNg.ui.pim.ActivityLog_Tests">
    <failure type="java.lang.AssertionError" message="expected [No modified data found.] but found [null]">
      <![CDATA[java.lang.AssertionError: expected [No modified data found.] but found [null]
	at unbxdTests.testNg.ui.pim.ActivityLog_Tests.verifyLogWhenOnNoModification(ActivityLog_Tests.java:161)
... Removed 31 stack frames]]>
    </failure>
  </testcase> <!-- verifyLogWhenOnNoModification -->
</testsuite> <!-- Activity Log Tests -->
