<?xml version="1.0" encoding="UTF-8"?>
<!-- Generated by org.testng.reporters.JUnitXMLReporter -->
<testsuite hostname="HUNTER" ignored="0" name="Assets Tests" tests="8" failures="8" timestamp="04 Jul 2020 04:45:10 GMT" time="1056.729" errors="0">
  <testcase name="getAllTheAssetsListedForPagination10" time="12.051" classname="unbxdTests.testNg.ui.pim.Assets_Tests">
    <failure type="java.lang.NullPointerException">
      <![CDATA[java.lang.NullPointerException
	at unbxdTests.testNg.ui.pim.Assets_Tests.getAllTheAssetsListedForPagination10(Assets_Tests.java:112)
... Removed 25 stack frames]]>
    </failure>
  </testcase> <!-- getAllTheAssetsListedForPagination10 -->
  <testcase name="getAllTheAssetsListedForNextPagination" time="60.16" classname="unbxdTests.testNg.ui.pim.Assets_Tests">
    <failure type="java.lang.NullPointerException">
      <![CDATA[java.lang.NullPointerException
	at unbxdTests.testNg.ui.pim.Assets_Tests.getAllTheAssetsListedForNextPagination(Assets_Tests.java:120)
... Removed 25 stack frames]]>
    </failure>
  </testcase> <!-- getAllTheAssetsListedForNextPagination -->
  <testcase name="getAllTheAssetsListedForPrevPagination" time="60.169" classname="unbxdTests.testNg.ui.pim.Assets_Tests">
    <failure type="java.lang.NullPointerException">
      <![CDATA[java.lang.NullPointerException
	at unbxdTests.testNg.ui.pim.Assets_Tests.getAllTheAssetsListedForPrevPagination(Assets_Tests.java:130)
... Removed 25 stack frames]]>
    </failure>
  </testcase> <!-- getAllTheAssetsListedForPrevPagination -->
  <testcase name="getAllTheAssetsListedForPagination20" time="108.286" classname="unbxdTests.testNg.ui.pim.Assets_Tests">
    <failure type="java.lang.NullPointerException">
      <![CDATA[java.lang.NullPointerException
	at unbxdTests.testNg.ui.pim.Assets_Tests.getAllTheAssetsListedForPagination20(Assets_Tests.java:139)
... Removed 25 stack frames]]>
    </failure>
  </testcase> <!-- getAllTheAssetsListedForPagination20 -->
  <testcase name="verifyAssetCreation" time="60.176" classname="unbxdTests.testNg.ui.pim.Assets_Tests">
    <failure type="org.openqa.selenium.NoSuchElementException" message="no such element: Unable to locate element: {&amp;quot;method&amp;quot;:&amp;quot;id&amp;quot;,&amp;quot;selector&amp;quot;:&amp;quot;newAsset&amp;quot;}
  (Session info: chrome=83.0.4103.116)
  (Driver info: chromedriver=2.36.540470 (e522d04694c7ebea4ba8821272dbef4f9b818c91),platform=Windows NT 10.0.18363 x86_64) (WARNING: The server did not provide any stacktrace information)
Command duration or timeout: 0 milliseconds
For documentation on this error, please visit: http://seleniumhq.org/exceptions/no_such_element.html
Build info: version: &amp;apos;3.8.1&amp;apos;, revision: &amp;apos;6e95a6684b&amp;apos;, time: &amp;apos;2017-12-01T18:33:54.468Z&amp;apos;
System info: host: &amp;apos;HUNTER&amp;apos;, ip: &amp;apos;192.168.0.107&amp;apos;, os.name: &amp;apos;Windows 10&amp;apos;, os.arch: &amp;apos;amd64&amp;apos;, os.version: &amp;apos;10.0&amp;apos;, java.version: &amp;apos;1.8.0_251&amp;apos;
Driver info: org.openqa.selenium.chrome.ChromeDriver
Capabilities {acceptInsecureCerts: false, acceptSslCerts: false, applicationCacheEnabled: false, browserConnectionEnabled: false, browserName: chrome, chrome: {chromedriverVersion: 2.36.540470 (e522d04694c7eb..., userDataDir: C:\Users\HUNTER\AppData\Loc...}, cssSelectorsEnabled: true, databaseEnabled: false, handlesAlerts: true, hasTouchScreen: false, javascriptEnabled: true, locationContextEnabled: true, mobileEmulationEnabled: false, nativeEvents: true, networkConnectionEnabled: false, pageLoadStrategy: normal, platform: XP, platformName: XP, rotatable: false, setWindowRect: true, takesHeapSnapshot: true, takesScreenshot: true, unexpectedAlertBehaviour: , unhandledPromptBehavior: , version: 83.0.4103.116, webStorageEnabled: true}
Session ID: e8eb00cd073eae5a603c5bdfa8ff80ab
*** Element info: {Using=id, value=newAsset}">
      <![CDATA[org.openqa.selenium.NoSuchElementException: no such element: Unable to locate element: {"method":"id","selector":"newAsset"}
  (Session info: chrome=83.0.4103.116)
  (Driver info: chromedriver=2.36.540470 (e522d04694c7ebea4ba8821272dbef4f9b818c91),platform=Windows NT 10.0.18363 x86_64) (WARNING: The server did not provide any stacktrace information)
Command duration or timeout: 0 milliseconds
For documentation on this error, please visit: http://seleniumhq.org/exceptions/no_such_element.html
Build info: version: '3.8.1', revision: '6e95a6684b', time: '2017-12-01T18:33:54.468Z'
System info: host: 'HUNTER', ip: '192.168.0.107', os.name: 'Windows 10', os.arch: 'amd64', os.version: '10.0', java.version: '1.8.0_251'
Driver info: org.openqa.selenium.chrome.ChromeDriver
Capabilities {acceptInsecureCerts: false, acceptSslCerts: false, applicationCacheEnabled: false, browserConnectionEnabled: false, browserName: chrome, chrome: {chromedriverVersion: 2.36.540470 (e522d04694c7eb..., userDataDir: C:\Users\HUNTER\AppData\Loc...}, cssSelectorsEnabled: true, databaseEnabled: false, handlesAlerts: true, hasTouchScreen: false, javascriptEnabled: true, locationContextEnabled: true, mobileEmulationEnabled: false, nativeEvents: true, networkConnectionEnabled: false, pageLoadStrategy: normal, platform: XP, platformName: XP, rotatable: false, setWindowRect: true, takesHeapSnapshot: true, takesScreenshot: true, unexpectedAlertBehaviour: , unhandledPromptBehavior: , version: 83.0.4103.116, webStorageEnabled: true}
Session ID: e8eb00cd073eae5a603c5bdfa8ff80ab
*** Element info: {Using=id, value=newAsset}
	at org.openqa.selenium.remote.ErrorHandler.createThrowable(ErrorHandler.java:214)
	at org.openqa.selenium.remote.ErrorHandler.throwIfResponseFailed(ErrorHandler.java:166)
	at org.openqa.selenium.remote.http.JsonHttpResponseCodec.reconstructValue(JsonHttpResponseCodec.java:40)
	at org.openqa.selenium.remote.http.AbstractHttpResponseCodec.decode(AbstractHttpResponseCodec.java:80)
	at org.openqa.selenium.remote.http.AbstractHttpResponseCodec.decode(AbstractHttpResponseCodec.java:44)
	at org.openqa.selenium.remote.HttpCommandExecutor.execute(HttpCommandExecutor.java:164)
	at org.openqa.selenium.remote.service.DriverCommandExecutor.execute(DriverCommandExecutor.java:83)
	at org.openqa.selenium.remote.RemoteWebDriver.execute(RemoteWebDriver.java:601)
	at org.openqa.selenium.remote.RemoteWebDriver.findElement(RemoteWebDriver.java:371)
	at org.openqa.selenium.remote.RemoteWebDriver.findElementById(RemoteWebDriver.java:417)
	at org.openqa.selenium.By$ById.findElement(By.java:218)
	at org.openqa.selenium.remote.RemoteWebDriver.findElement(RemoteWebDriver.java:363)
	at org.openqa.selenium.support.pagefactory.DefaultElementLocator.findElement(DefaultElementLocator.java:69)
	at org.openqa.selenium.support.pagefactory.internal.LocatingElementHandler.invoke(LocatingElementHandler.java:38)
	at com.sun.proxy.$Proxy9.getTagName(Unknown Source)
	at org.fluentlenium.core.domain.FluentWebElement.getTagName(FluentWebElement.java:171)
	at org.fluentlenium.core.domain.FluentWebElement.isInputOfTypeFile(FluentWebElement.java:282)
	at org.fluentlenium.core.domain.FluentWebElement.clear(FluentWebElement.java:53)
	at org.fluentlenium.core.domain.FluentWebElement.text(FluentWebElement.java:76)
	at org.fluentlenium.core.domain.FluentWebElement.text(FluentWebElement.java:17)
	at org.fluentlenium.core.action.FillConstructor.with(FillConstructor.java:37)
	at core.components.pim.DragAndDropModal.uploadFile(DragAndDropModal.java:14)
	at unbxdTests.testNg.ui.pim.Assets_Tests.verifyAssetCreation(Assets_Tests.java:148)
... Removed 28 stack frames]]>
    </failure>
  </testcase> <!-- verifyAssetCreation -->
  <testcase name="verifyAssetAssociation" time="438.3" classname="unbxdTests.testNg.ui.pim.Assets_Tests">
    <failure type="java.lang.NullPointerException">
      <![CDATA[java.lang.NullPointerException
	at unbxdTests.testNg.ui.pim.Assets_Tests.verifyAssetAssociation(Assets_Tests.java:160)
... Removed 25 stack frames]]>
    </failure>
  </testcase> <!-- verifyAssetAssociation -->
  <testcase name="verifyAssetAssociationFromManageAssetPage" time="278.743" classname="unbxdTests.testNg.ui.pim.Assets_Tests">
    <failure type="java.lang.NullPointerException">
      <![CDATA[java.lang.NullPointerException
	at unbxdTests.testNg.ui.pim.Assets_Tests.verifyAssetAssociationFromManageAssetPage(Assets_Tests.java:175)
... Removed 25 stack frames]]>
    </failure>
  </testcase> <!-- verifyAssetAssociationFromManageAssetPage -->
  <testcase name="verifyImageNameUpdate" time="24.091" classname="unbxdTests.testNg.ui.pim.Assets_Tests">
    <failure type="java.lang.AssertionError" message="expected [asset.jpeg] but found [Fail : Error while Getting Attribute &amp;apos;value&amp;apos; value from &amp;apos;Image Name InputBox&amp;apos; : no such element: Unable to locate element: {&amp;quot;method&amp;quot;:&amp;quot;name&amp;quot;,&amp;quot;selector&amp;quot;:&amp;quot;imgName&amp;quot;}
  (Session info: chrome=83.0.4103.116)
  (Driver info: chromedriver=2.36.540470 (e522d04694c7ebea4ba8821272dbef4f9b818c91),platform=Windows NT 10.0.18363 x86_64) (WARNING: The server did not provide any stacktrace information)
Command duration or timeout: 0 milliseconds
For documentation on this error, please visit: http://seleniumhq.org/exceptions/no_such_element.html
Build info: version: &amp;apos;3.8.1&amp;apos;, revision: &amp;apos;6e95a6684b&amp;apos;, time: &amp;apos;2017-12-01T18:33:54.468Z&amp;apos;
System info: host: &amp;apos;HUNTER&amp;apos;, ip: &amp;apos;192.168.0.107&amp;apos;, os.name: &amp;apos;Windows 10&amp;apos;, os.arch: &amp;apos;amd64&amp;apos;, os.version: &amp;apos;10.0&amp;apos;, java.version: &amp;apos;1.8.0_251&amp;apos;
Driver info: org.openqa.selenium.chrome.ChromeDriver
Capabilities {acceptInsecureCerts: false, acceptSslCerts: false, applicationCacheEnabled: false, browserConnectionEnabled: false, browserName: chrome, chrome: {chromedriverVersion: 2.36.540470 (e522d04694c7eb..., userDataDir: C:\Users\HUNTER\AppData\Loc...}, cssSelectorsEnabled: true, databaseEnabled: false, handlesAlerts: true, hasTouchScreen: false, javascriptEnabled: true, locationContextEnabled: true, mobileEmulationEnabled: false, nativeEvents: true, networkConnectionEnabled: false, pageLoadStrategy: normal, platform: XP, platformName: XP, rotatable: false, setWindowRect: true, takesHeapSnapshot: true, takesScreenshot: true, unexpectedAlertBehaviour: , unhandledPromptBehavior: , version: 83.0.4103.116, webStorageEnabled: true}
Session ID: e8eb00cd073eae5a603c5bdfa8ff80ab
*** Element info: {Using=name, value=imgName}]">
      <![CDATA[java.lang.AssertionError: expected [asset.jpeg] but found [Fail : Error while Getting Attribute 'value' value from 'Image Name InputBox' : no such element: Unable to locate element: {"method":"name","selector":"imgName"}
  (Session info: chrome=83.0.4103.116)
  (Driver info: chromedriver=2.36.540470 (e522d04694c7ebea4ba8821272dbef4f9b818c91),platform=Windows NT 10.0.18363 x86_64) (WARNING: The server did not provide any stacktrace information)
Command duration or timeout: 0 milliseconds
For documentation on this error, please visit: http://seleniumhq.org/exceptions/no_such_element.html
Build info: version: '3.8.1', revision: '6e95a6684b', time: '2017-12-01T18:33:54.468Z'
System info: host: 'HUNTER', ip: '192.168.0.107', os.name: 'Windows 10', os.arch: 'amd64', os.version: '10.0', java.version: '1.8.0_251'
Driver info: org.openqa.selenium.chrome.ChromeDriver
Capabilities {acceptInsecureCerts: false, acceptSslCerts: false, applicationCacheEnabled: false, browserConnectionEnabled: false, browserName: chrome, chrome: {chromedriverVersion: 2.36.540470 (e522d04694c7eb..., userDataDir: C:\Users\HUNTER\AppData\Loc...}, cssSelectorsEnabled: true, databaseEnabled: false, handlesAlerts: true, hasTouchScreen: false, javascriptEnabled: true, locationContextEnabled: true, mobileEmulationEnabled: false, nativeEvents: true, networkConnectionEnabled: false, pageLoadStrategy: normal, platform: XP, platformName: XP, rotatable: false, setWindowRect: true, takesHeapSnapshot: true, takesScreenshot: true, unexpectedAlertBehaviour: , unhandledPromptBehavior: , version: 83.0.4103.116, webStorageEnabled: true}
Session ID: e8eb00cd073eae5a603c5bdfa8ff80ab
*** Element info: {Using=name, value=imgName}]
	at unbxdTests.testNg.ui.pim.Assets_Tests.verifyImageNameUpdate(Assets_Tests.java:181)
... Removed 31 stack frames]]>
    </failure>
  </testcase> <!-- verifyImageNameUpdate -->
</testsuite> <!-- Assets Tests -->
