<?xml version="1.0" encoding="UTF-8"?>
<!-- Generated by org.testng.reporters.JUnitXMLReporter -->
<testsuite hostname="HUNTER" ignored="0" name="Catalog Tests" tests="10" failures="9" timestamp="15 Jul 2020 06:49:59 GMT" time="186.893" errors="0">
  <testcase name="createCatalog" time="0.878" classname="unbxdTests.testNg.ui.pim.Catalog_Tests"/>
  <testcase name="addParentProductToCatalog" time="51.094" classname="unbxdTests.testNg.ui.pim.Catalog_Tests">
    <failure type="java.lang.AssertionError" message="expected [true] but found [false]">
      <![CDATA[java.lang.AssertionError: expected [true] but found [false]
	at core.pages.pim.Catalog.ManageCatalog.Products_Page.addProductToCatalog(Products_Page.java:69)
	at unbxdTests.testNg.ui.pim.Catalog_Tests.addParentProductToCatalog(Catalog_Tests.java:118)
... Removed 29 stack frames]]>
    </failure>
  </testcase> <!-- addParentProductToCatalog -->
  <testcase name="verifyDefaultPropertiesAddedToCatalog" time="1.127" classname="unbxdTests.testNg.ui.pim.Catalog_Tests">
    <failure type="java.lang.AssertionError" message="Lists differ at element [2]: Image != Product Image expected [Image] but found [Product Image]">
      <![CDATA[java.lang.AssertionError: Lists differ at element [2]: Image != Product Image expected [Image] but found [Product Image]
	at unbxdTests.testNg.ui.pim.Catalog_Tests.verifyDefaultPropertiesAddedToCatalog(Catalog_Tests.java:128)
... Removed 30 stack frames]]>
    </failure>
  </testcase> <!-- verifyDefaultPropertiesAddedToCatalog -->
  <testcase name="verifyAddingPropertiesToCatalog" time="4.675" classname="unbxdTests.testNg.ui.pim.Catalog_Tests">
    <failure type="java.lang.AssertionError" message="expected [true] but found [false]">
      <![CDATA[java.lang.AssertionError: expected [true] but found [false]
	at unbxdTests.testNg.ui.pim.Catalog_Tests.verifyAddingPropertiesToCatalog(Catalog_Tests.java:144)
... Removed 29 stack frames]]>
    </failure>
  </testcase> <!-- verifyAddingPropertiesToCatalog -->
  <testcase name="verifyTheOrderOfPropertyAddedToCatalog" time="1.465" classname="unbxdTests.testNg.ui.pim.Catalog_Tests">
    <failure type="java.lang.AssertionError" message="Lists differ at element [2]: Image != Product Image expected [Image] but found [Product Image]">
      <![CDATA[java.lang.AssertionError: Lists differ at element [2]: Image != Product Image expected [Image] but found [Product Image]
	at unbxdTests.testNg.ui.pim.Catalog_Tests.verifyTheOrderOfPropertyAddedToCatalog(Catalog_Tests.java:153)
... Removed 30 stack frames]]>
    </failure>
  </testcase> <!-- verifyTheOrderOfPropertyAddedToCatalog -->
  <testcase name="publishCatalog" time="24.882" classname="unbxdTests.testNg.ui.pim.Catalog_Tests">
    <failure type="java.lang.AssertionError" message="expected [Catalog successfully updated] but found [null]">
      <![CDATA[java.lang.AssertionError: expected [Catalog successfully updated] but found [null]
	at unbxdTests.testNg.ui.pim.Catalog_Tests.publishCatalog(Catalog_Tests.java:177)
... Removed 31 stack frames]]>
    </failure>
  </testcase> <!-- publishCatalog -->
  <testcase name="openCatalogPage" time="0.682" classname="unbxdTests.testNg.ui.pim.Catalog_Tests">
    <failure type="java.util.NoSuchElementException">
      <![CDATA[java.util.NoSuchElementException
	at java.util.LinkedHashMap$LinkedHashIterator.nextNode(Unknown Source)
	at java.util.LinkedHashMap$LinkedKeyIterator.next(Unknown Source)
	at unbxdTests.testNg.ui.pim.Catalog_Tests.openCatalogPage(Catalog_Tests.java:194)
... Removed 25 stack frames]]>
    </failure>
  </testcase> <!-- openCatalogPage -->
  <testcase name="verifyTheProductsListedInCatalog" time="12.008" classname="unbxdTests.testNg.ui.pim.Catalog_Tests">
    <failure type="java.lang.AssertionError" message="Collections not equal: expected: [snooky Men Vest] and actual: null">
      <![CDATA[java.lang.AssertionError: Collections not equal: expected: [snooky Men Vest] and actual: null
	at unbxdTests.testNg.ui.pim.Catalog_Tests.verifyTheProductsListedInCatalog(Catalog_Tests.java:208)
... Removed 28 stack frames]]>
    </failure>
  </testcase> <!-- verifyTheProductsListedInCatalog -->
  <testcase name="verifyTheCatalogSearchSuggestions" time="12.115" classname="unbxdTests.testNg.ui.pim.Catalog_Tests">
    <failure type="java.lang.AssertionError" message="Collections not equal: expected: [Snooky Men Vest] and actual: null">
      <![CDATA[java.lang.AssertionError: Collections not equal: expected: [Snooky Men Vest] and actual: null
	at unbxdTests.testNg.ui.pim.Catalog_Tests.verifyTheCatalogSearchSuggestions(Catalog_Tests.java:215)
... Removed 28 stack frames]]>
    </failure>
  </testcase> <!-- verifyTheCatalogSearchSuggestions -->
  <testcase name="verifyTheProductProperties" time="61.4" classname="unbxdTests.testNg.ui.pim.Catalog_Tests">
    <failure type="java.lang.AssertionError" message="Collections not equal: expected: [Product Id20, SizeS,  M,  L,  XL,  XLL] and actual: null">
      <![CDATA[java.lang.AssertionError: Collections not equal: expected: [Product Id20, SizeS,  M,  L,  XL,  XLL] and actual: null
	at unbxdTests.testNg.ui.pim.Catalog_Tests.verifyTheProductProperties(Catalog_Tests.java:222)
... Removed 28 stack frames]]>
    </failure>
  </testcase> <!-- verifyTheProductProperties -->
</testsuite> <!-- Catalog Tests -->
