<?xml version="1.0" encoding="UTF-8"?>
<!-- Generated by org.testng.reporters.JUnitXMLReporter -->
<testsuite hostname="HUNTER" ignored="1" name="Member Tests" tests="15" failures="8" timestamp="05 Jul 2020 05:02:59 GMT" time="544.969" errors="0">
  <testcase name="verifyOrganisationPage" time="0.485" classname="unbxdTests.testNg.ui.pim.Member_Tests"/>
  <testcase name="verifyMemberCreationForEmptyEmail" time="0.964" classname="unbxdTests.testNg.ui.pim.Member_Tests"/>
  <testcase name="verifyMemberCreationForInvalidEmail" time="1.013" classname="unbxdTests.testNg.ui.pim.Member_Tests"/>
  <testcase name="verifyMemberCreation" time="37.541" classname="unbxdTests.testNg.ui.pim.Member_Tests">
    <failure type="java.lang.AssertionError" message="expected [nikhil.miranda+106@unbxd.com] but found [Fail : Error while Getting Attribute &amp;apos;value&amp;apos; value from &amp;apos;Email InputBox&amp;apos; : no such element: Unable to locate element: {&amp;quot;method&amp;quot;:&amp;quot;name&amp;quot;,&amp;quot;selector&amp;quot;:&amp;quot;email&amp;quot;}
  (Session info: chrome=83.0.4103.116)
  (Driver info: chromedriver=2.36.540470 (e522d04694c7ebea4ba8821272dbef4f9b818c91),platform=Windows NT 10.0.18363 x86_64) (WARNING: The server did not provide any stacktrace information)
Command duration or timeout: 0 milliseconds
For documentation on this error, please visit: http://seleniumhq.org/exceptions/no_such_element.html
Build info: version: &amp;apos;3.8.1&amp;apos;, revision: &amp;apos;6e95a6684b&amp;apos;, time: &amp;apos;2017-12-01T18:33:54.468Z&amp;apos;
System info: host: &amp;apos;HUNTER&amp;apos;, ip: &amp;apos;192.168.0.107&amp;apos;, os.name: &amp;apos;Windows 10&amp;apos;, os.arch: &amp;apos;amd64&amp;apos;, os.version: &amp;apos;10.0&amp;apos;, java.version: &amp;apos;1.8.0_251&amp;apos;
Driver info: org.openqa.selenium.chrome.ChromeDriver
Capabilities {acceptInsecureCerts: false, acceptSslCerts: false, applicationCacheEnabled: false, browserConnectionEnabled: false, browserName: chrome, chrome: {chromedriverVersion: 2.36.540470 (e522d04694c7eb..., userDataDir: C:\Users\HUNTER\AppData\Loc...}, cssSelectorsEnabled: true, databaseEnabled: false, handlesAlerts: true, hasTouchScreen: false, javascriptEnabled: true, locationContextEnabled: true, mobileEmulationEnabled: false, nativeEvents: true, networkConnectionEnabled: false, pageLoadStrategy: normal, platform: XP, platformName: XP, rotatable: false, setWindowRect: true, takesHeapSnapshot: true, takesScreenshot: true, unexpectedAlertBehaviour: , unhandledPromptBehavior: , version: 83.0.4103.116, webStorageEnabled: true}
Session ID: ddc72add2e3fcff2fc558c8b7394c56b
*** Element info: {Using=name, value=email}]">
      <![CDATA[java.lang.AssertionError: expected [nikhil.miranda+106@unbxd.com] but found [Fail : Error while Getting Attribute 'value' value from 'Email InputBox' : no such element: Unable to locate element: {"method":"name","selector":"email"}
  (Session info: chrome=83.0.4103.116)
  (Driver info: chromedriver=2.36.540470 (e522d04694c7ebea4ba8821272dbef4f9b818c91),platform=Windows NT 10.0.18363 x86_64) (WARNING: The server did not provide any stacktrace information)
Command duration or timeout: 0 milliseconds
For documentation on this error, please visit: http://seleniumhq.org/exceptions/no_such_element.html
Build info: version: '3.8.1', revision: '6e95a6684b', time: '2017-12-01T18:33:54.468Z'
System info: host: 'HUNTER', ip: '192.168.0.107', os.name: 'Windows 10', os.arch: 'amd64', os.version: '10.0', java.version: '1.8.0_251'
Driver info: org.openqa.selenium.chrome.ChromeDriver
Capabilities {acceptInsecureCerts: false, acceptSslCerts: false, applicationCacheEnabled: false, browserConnectionEnabled: false, browserName: chrome, chrome: {chromedriverVersion: 2.36.540470 (e522d04694c7eb..., userDataDir: C:\Users\HUNTER\AppData\Loc...}, cssSelectorsEnabled: true, databaseEnabled: false, handlesAlerts: true, hasTouchScreen: false, javascriptEnabled: true, locationContextEnabled: true, mobileEmulationEnabled: false, nativeEvents: true, networkConnectionEnabled: false, pageLoadStrategy: normal, platform: XP, platformName: XP, rotatable: false, setWindowRect: true, takesHeapSnapshot: true, takesScreenshot: true, unexpectedAlertBehaviour: , unhandledPromptBehavior: , version: 83.0.4103.116, webStorageEnabled: true}
Session ID: ddc72add2e3fcff2fc558c8b7394c56b
*** Element info: {Using=name, value=email}]
	at unbxdTests.testNg.ui.pim.Member_Tests.verifyMemberCreation(Member_Tests.java:129)
... Removed 31 stack frames]]>
    </failure>
  </testcase> <!-- verifyMemberCreation -->
  <testcase name="verifyEmailIsDisabled" time="24.113" classname="unbxdTests.testNg.ui.pim.Member_Tests"/>
  <testcase name="verifyMemberName" time="0.001" classname="unbxdTests.testNg.ui.pim.Member_Tests"/>
  <testcase name="verifyRoleAssigned" time="0.135" classname="unbxdTests.testNg.ui.pim.Member_Tests"/>
  <testcase name="verifyMemberNameInMemberListingPage" time="48.478" classname="unbxdTests.testNg.ui.pim.Member_Tests">
    <failure type="java.lang.AssertionError" message="Lists differ at element [1]: qa_AUTO_Nikhil_notAdmin not_admin Active nikhil.miranda+106@unbxd.com != qa_AUTO_Nikhil admin Active nikhil.miranda+107@unbxd.com expected [qa_AUTO_Nikhil_notAdmin not_admin Active nikhil.miranda+106@unbxd.com] but found [qa_AUTO_Nikhil admin Active nikhil.miranda+107@unbxd.com]">
      <![CDATA[java.lang.AssertionError: Lists differ at element [1]: qa_AUTO_Nikhil_notAdmin not_admin Active nikhil.miranda+106@unbxd.com != qa_AUTO_Nikhil admin Active nikhil.miranda+107@unbxd.com expected [qa_AUTO_Nikhil_notAdmin not_admin Active nikhil.miranda+106@unbxd.com] but found [qa_AUTO_Nikhil admin Active nikhil.miranda+107@unbxd.com]
	at unbxdTests.testNg.ui.pim.Member_Tests.verifyMemberNameInMemberListingPage(Member_Tests.java:162)
... Removed 30 stack frames]]>
    </failure>
  </testcase> <!-- verifyMemberNameInMemberListingPage -->
  <testcase name="verifyDuplicateMemberCreation" time="49.3" classname="unbxdTests.testNg.ui.pim.Member_Tests"/>
  <testcase name="verifyMemberEditPage" time="61.51" classname="unbxdTests.testNg.ui.pim.Member_Tests">
    <failure type="java.lang.AssertionError" message="expected [true] but found [false]">
      <![CDATA[java.lang.AssertionError: expected [true] but found [false]
	at unbxdTests.testNg.ui.pim.Member_Tests.verifyMemberEditPage(Member_Tests.java:180)
... Removed 29 stack frames]]>
    </failure>
  </testcase> <!-- verifyMemberEditPage -->
  <testcase name="verifyMemberDeletion" time="120.415" classname="unbxdTests.testNg.ui.pim.Member_Tests">
    <failure type="java.lang.AssertionError" message="Collections not equal: expected: [qa_AUTO_Nikhil_admin admin Active nikhil.miranda+106@unbxd.com] and actual: null">
      <![CDATA[java.lang.AssertionError: Collections not equal: expected: [qa_AUTO_Nikhil_admin admin Active nikhil.miranda+106@unbxd.com] and actual: null
	at unbxdTests.testNg.ui.pim.Member_Tests.verifyMemberDeletion(Member_Tests.java:187)
... Removed 28 stack frames]]>
    </failure>
  </testcase> <!-- verifyMemberDeletion -->
  <testcase name="verifyMemberCreationWithoutRole" time="36.59" classname="unbxdTests.testNg.ui.pim.Member_Tests">
    <failure type="java.lang.AssertionError" message="expected [nikhil.miranda+106@unbxd.com] but found [Fail : Error while Getting Attribute &amp;apos;value&amp;apos; value from &amp;apos;Email InputBox&amp;apos; : no such element: Unable to locate element: {&amp;quot;method&amp;quot;:&amp;quot;name&amp;quot;,&amp;quot;selector&amp;quot;:&amp;quot;email&amp;quot;}
  (Session info: chrome=83.0.4103.116)
  (Driver info: chromedriver=2.36.540470 (e522d04694c7ebea4ba8821272dbef4f9b818c91),platform=Windows NT 10.0.18363 x86_64) (WARNING: The server did not provide any stacktrace information)
Command duration or timeout: 0 milliseconds
For documentation on this error, please visit: http://seleniumhq.org/exceptions/no_such_element.html
Build info: version: &amp;apos;3.8.1&amp;apos;, revision: &amp;apos;6e95a6684b&amp;apos;, time: &amp;apos;2017-12-01T18:33:54.468Z&amp;apos;
System info: host: &amp;apos;HUNTER&amp;apos;, ip: &amp;apos;192.168.0.107&amp;apos;, os.name: &amp;apos;Windows 10&amp;apos;, os.arch: &amp;apos;amd64&amp;apos;, os.version: &amp;apos;10.0&amp;apos;, java.version: &amp;apos;1.8.0_251&amp;apos;
Driver info: org.openqa.selenium.chrome.ChromeDriver
Capabilities {acceptInsecureCerts: false, acceptSslCerts: false, applicationCacheEnabled: false, browserConnectionEnabled: false, browserName: chrome, chrome: {chromedriverVersion: 2.36.540470 (e522d04694c7eb..., userDataDir: C:\Users\HUNTER\AppData\Loc...}, cssSelectorsEnabled: true, databaseEnabled: false, handlesAlerts: true, hasTouchScreen: false, javascriptEnabled: true, locationContextEnabled: true, mobileEmulationEnabled: false, nativeEvents: true, networkConnectionEnabled: false, pageLoadStrategy: normal, platform: XP, platformName: XP, rotatable: false, setWindowRect: true, takesHeapSnapshot: true, takesScreenshot: true, unexpectedAlertBehaviour: , unhandledPromptBehavior: , version: 83.0.4103.116, webStorageEnabled: true}
Session ID: ddc72add2e3fcff2fc558c8b7394c56b
*** Element info: {Using=name, value=email}]">
      <![CDATA[java.lang.AssertionError: expected [nikhil.miranda+106@unbxd.com] but found [Fail : Error while Getting Attribute 'value' value from 'Email InputBox' : no such element: Unable to locate element: {"method":"name","selector":"email"}
  (Session info: chrome=83.0.4103.116)
  (Driver info: chromedriver=2.36.540470 (e522d04694c7ebea4ba8821272dbef4f9b818c91),platform=Windows NT 10.0.18363 x86_64) (WARNING: The server did not provide any stacktrace information)
Command duration or timeout: 0 milliseconds
For documentation on this error, please visit: http://seleniumhq.org/exceptions/no_such_element.html
Build info: version: '3.8.1', revision: '6e95a6684b', time: '2017-12-01T18:33:54.468Z'
System info: host: 'HUNTER', ip: '192.168.0.107', os.name: 'Windows 10', os.arch: 'amd64', os.version: '10.0', java.version: '1.8.0_251'
Driver info: org.openqa.selenium.chrome.ChromeDriver
Capabilities {acceptInsecureCerts: false, acceptSslCerts: false, applicationCacheEnabled: false, browserConnectionEnabled: false, browserName: chrome, chrome: {chromedriverVersion: 2.36.540470 (e522d04694c7eb..., userDataDir: C:\Users\HUNTER\AppData\Loc...}, cssSelectorsEnabled: true, databaseEnabled: false, handlesAlerts: true, hasTouchScreen: false, javascriptEnabled: true, locationContextEnabled: true, mobileEmulationEnabled: false, nativeEvents: true, networkConnectionEnabled: false, pageLoadStrategy: normal, platform: XP, platformName: XP, rotatable: false, setWindowRect: true, takesHeapSnapshot: true, takesScreenshot: true, unexpectedAlertBehaviour: , unhandledPromptBehavior: , version: 83.0.4103.116, webStorageEnabled: true}
Session ID: ddc72add2e3fcff2fc558c8b7394c56b
*** Element info: {Using=name, value=email}]
	at unbxdTests.testNg.ui.pim.Member_Tests.verifyMemberCreationWithoutRole(Member_Tests.java:200)
... Removed 31 stack frames]]>
    </failure>
  </testcase> <!-- verifyMemberCreationWithoutRole -->
  <testcase name="verifyTheLabelWhenNoRoleIsAssigned" time="0.079" classname="unbxdTests.testNg.ui.pim.Member_Tests">
    <failure type="java.lang.AssertionError" message="expected [Select] but found [All]">
      <![CDATA[java.lang.AssertionError: expected [Select] but found [All]
	at unbxdTests.testNg.ui.pim.Member_Tests.verifyTheLabelWhenNoRoleIsAssigned(Member_Tests.java:207)
... Removed 31 stack frames]]>
    </failure>
  </testcase> <!-- verifyTheLabelWhenNoRoleIsAssigned -->
  <testcase name="verifyTheRoleAssignmentToMember" time="85.354" classname="unbxdTests.testNg.ui.pim.Member_Tests">
    <failure type="java.lang.NullPointerException">
      <![CDATA[java.lang.NullPointerException
	at unbxdTests.testNg.ui.pim.Member_Tests.removeLastCharacter(Member_Tests.java:79)
	at unbxdTests.testNg.ui.pim.Member_Tests.verifyTheRoleAssignmentToMember(Member_Tests.java:214)
... Removed 25 stack frames]]>
    </failure>
  </testcase> <!-- verifyTheRoleAssignmentToMember -->
  <testcase name="verifyAgainMemberNameInMemberListingPage" time="53.037" classname="unbxdTests.testNg.ui.pim.Member_Tests">
    <failure type="java.lang.AssertionError" message="Lists differ at element [1]: qa_AUTO_Nikhil_notAdmin not_admin Active nikhil.miranda+106@unbxd.com != qa_AUTO_Nikhil admin Active nikhil.miranda+107@unbxd.com expected [qa_AUTO_Nikhil_notAdmin not_admin Active nikhil.miranda+106@unbxd.com] but found [qa_AUTO_Nikhil admin Active nikhil.miranda+107@unbxd.com]">
      <![CDATA[java.lang.AssertionError: Lists differ at element [1]: qa_AUTO_Nikhil_notAdmin not_admin Active nikhil.miranda+106@unbxd.com != qa_AUTO_Nikhil admin Active nikhil.miranda+107@unbxd.com expected [qa_AUTO_Nikhil_notAdmin not_admin Active nikhil.miranda+106@unbxd.com] but found [qa_AUTO_Nikhil admin Active nikhil.miranda+107@unbxd.com]
	at unbxdTests.testNg.ui.pim.Member_Tests.verifyAgainMemberNameInMemberListingPage(Member_Tests.java:225)
... Removed 30 stack frames]]>
    </failure>
  </testcase> <!-- verifyAgainMemberNameInMemberListingPage -->
  <testcase name="verifyMemberNameUpdate" time="0.0" classname="unbxdTests.testNg.ui.pim.Member_Tests">
    <ignored/>
  </testcase> <!-- verifyMemberNameUpdate -->
</testsuite> <!-- Member Tests -->
