<?xml version="1.0" encoding="UTF-8"?>
<!-- Generated by org.testng.reporters.JUnitXMLReporter -->
<testsuite hostname="HUNTER" ignored="0" name="Product Actions Tests" tests="7" failures="7" timestamp="15 Jul 2020 07:23:41 GMT" time="113.942" errors="0">
  <testcase name="verifyPGCreationAddition" time="15.35" classname="unbxdTests.testNg.ui.pim.ProductActions_Tests">
    <failure type="java.lang.IndexOutOfBoundsException" message="Index: 2, Size: 0">
      <![CDATA[java.lang.IndexOutOfBoundsException: Index: 2, Size: 0
	at java.util.ArrayList.rangeCheck(Unknown Source)
	at java.util.ArrayList.get(Unknown Source)
	at org.fluentlenium.core.FluentAdapter$FluentListInvocationHandler.invoke(FluentAdapter.java:204)
	at com.sun.proxy.$Proxy13.get(Unknown Source)
	at core.components.pim.SingleSelectModal.clickOnDropDownIcon(SingleSelectModal.java:27)
	at core.pages.pim.WorkFlow.Nodes.ProductGrpNode_Page.createNewPG(ProductGrpNode_Page.java:35)
	at unbxdTests.testNg.ui.pim.ProductActions_Tests.verifyPGCreationAddition(ProductActions_Tests.java:153)
... Removed 28 stack frames]]>
    </failure>
  </testcase> <!-- verifyPGCreationAddition -->
  <testcase name="verifyPGAddition" time="6.821" classname="unbxdTests.testNg.ui.pim.ProductActions_Tests">
    <failure type="java.lang.IndexOutOfBoundsException" message="Index: 2, Size: 0">
      <![CDATA[java.lang.IndexOutOfBoundsException: Index: 2, Size: 0
	at java.util.ArrayList.rangeCheck(Unknown Source)
	at java.util.ArrayList.get(Unknown Source)
	at org.fluentlenium.core.FluentAdapter$FluentListInvocationHandler.invoke(FluentAdapter.java:204)
	at com.sun.proxy.$Proxy13.get(Unknown Source)
	at core.components.pim.SingleSelectModal.clickOnDropDownIcon(SingleSelectModal.java:27)
	at core.pages.pim.WorkFlow.Nodes.ProductGrpNode_Page.addToExistingPG(ProductGrpNode_Page.java:43)
	at unbxdTests.testNg.ui.pim.ProductActions_Tests.verifyPGAddition(ProductActions_Tests.java:163)
... Removed 28 stack frames]]>
    </failure>
  </testcase> <!-- verifyPGAddition -->
  <testcase name="verifyAddProductsToProductGrp" time="5.815" classname="unbxdTests.testNg.ui.pim.ProductActions_Tests">
    <failure type="java.lang.NullPointerException">
      <![CDATA[java.lang.NullPointerException
	at unbxdTests.testNg.ui.pim.ProductActions_Tests.verifyAddProductsToProductGrp(ProductActions_Tests.java:174)
... Removed 25 stack frames]]>
    </failure>
  </testcase> <!-- verifyAddProductsToProductGrp -->
  <testcase name="verifyBulkEditOfTextProductInProductGrp" time="23.029" classname="unbxdTests.testNg.ui.pim.ProductActions_Tests">
    <failure type="java.lang.AssertionError" message="expected [Fabric] but found [null]">
      <![CDATA[java.lang.AssertionError: expected [Fabric] but found [null]
	at unbxdTests.testNg.ui.pim.ProductActions_Tests.verifyBulkEditOfTextProductInProductGrp(ProductActions_Tests.java:186)
... Removed 31 stack frames]]>
    </failure>
  </testcase> <!-- verifyBulkEditOfTextProductInProductGrp -->
  <testcase name="verifyAssigningTask" time="6.821" classname="unbxdTests.testNg.ui.pim.ProductActions_Tests">
    <failure type="java.lang.IndexOutOfBoundsException" message="Index: 2, Size: 0">
      <![CDATA[java.lang.IndexOutOfBoundsException: Index: 2, Size: 0
	at java.util.ArrayList.rangeCheck(Unknown Source)
	at java.util.ArrayList.get(Unknown Source)
	at org.fluentlenium.core.FluentAdapter$FluentListInvocationHandler.invoke(FluentAdapter.java:204)
	at com.sun.proxy.$Proxy13.get(Unknown Source)
	at core.components.pim.SingleSelectModal.clickOnDropDownIcon(SingleSelectModal.java:27)
	at core.pages.pim.WorkFlow.Nodes.TaskNode_Page.selectTaskTemplate(TaskNode_Page.java:31)
	at unbxdTests.testNg.ui.pim.ProductActions_Tests.verifyAssigningTask(ProductActions_Tests.java:202)
... Removed 28 stack frames]]>
    </failure>
  </testcase> <!-- verifyAssigningTask -->
  <testcase name="verifyAssigningCategory" time="6.664" classname="unbxdTests.testNg.ui.pim.ProductActions_Tests">
    <failure type="java.lang.IndexOutOfBoundsException" message="Index: 0, Size: 0">
      <![CDATA[java.lang.IndexOutOfBoundsException: Index: 0, Size: 0
	at java.util.ArrayList.rangeCheck(Unknown Source)
	at java.util.ArrayList.get(Unknown Source)
	at org.fluentlenium.core.FluentAdapter$FluentListInvocationHandler.invoke(FluentAdapter.java:204)
	at com.sun.proxy.$Proxy13.get(Unknown Source)
	at core.components.pim.MultiSelectModal.clickOnDropDownIcon(MultiSelectModal.java:24)
	at core.pages.pim.WorkFlow.Nodes.CategoryNode_Page.assignCategory(CategoryNode_Page.java:46)
	at unbxdTests.testNg.ui.pim.ProductActions_Tests.verifyAssigningCategory(ProductActions_Tests.java:212)
... Removed 28 stack frames]]>
    </failure>
  </testcase> <!-- verifyAssigningCategory -->
  <testcase name="verifyTheAssignedCategory" time="7.485" classname="unbxdTests.testNg.ui.pim.ProductActions_Tests">
    <failure type="java.lang.NullPointerException">
      <![CDATA[java.lang.NullPointerException
	at unbxdTests.testNg.ui.pim.ProductActions_Tests.verifyTheAssignedCategory(ProductActions_Tests.java:221)
... Removed 25 stack frames]]>
    </failure>
  </testcase> <!-- verifyTheAssignedCategory -->
</testsuite> <!-- Product Actions Tests -->
