<?xml version="1.0" encoding="UTF-8"?>
<!-- Generated by org.testng.reporters.JUnitXMLReporter -->
<testsuite hostname="HUNTER" ignored="0" name="Product Import Tests" tests="5" failures="4" timestamp="08 Jul 2020 05:24:25 GMT" time="149.053" errors="0">
  <testcase name="openPropertyPageFromManageTab" time="1.302" classname="unbxdTests.testNg.ui.pim.ProductImport_Tests"/>
  <testcase name="verifyProductImports" time="60.41" classname="unbxdTests.testNg.ui.pim.ProductImport_Tests">
    <failure type="org.openqa.selenium.NoSuchElementException" message="no such element: Unable to locate element: {&amp;quot;method&amp;quot;:&amp;quot;id&amp;quot;,&amp;quot;selector&amp;quot;:&amp;quot;importFileUpload&amp;quot;}
  (Session info: chrome=83.0.4103.116)
  (Driver info: chromedriver=2.36.540470 (e522d04694c7ebea4ba8821272dbef4f9b818c91),platform=Windows NT 10.0.18363 x86_64) (WARNING: The server did not provide any stacktrace information)
Command duration or timeout: 0 milliseconds
For documentation on this error, please visit: http://seleniumhq.org/exceptions/no_such_element.html
Build info: version: &amp;apos;3.8.1&amp;apos;, revision: &amp;apos;6e95a6684b&amp;apos;, time: &amp;apos;2017-12-01T18:33:54.468Z&amp;apos;
System info: host: &amp;apos;HUNTER&amp;apos;, ip: &amp;apos;192.168.0.107&amp;apos;, os.name: &amp;apos;Windows 10&amp;apos;, os.arch: &amp;apos;amd64&amp;apos;, os.version: &amp;apos;10.0&amp;apos;, java.version: &amp;apos;1.8.0_251&amp;apos;
Driver info: org.openqa.selenium.chrome.ChromeDriver
Capabilities {acceptInsecureCerts: false, acceptSslCerts: false, applicationCacheEnabled: false, browserConnectionEnabled: false, browserName: chrome, chrome: {chromedriverVersion: 2.36.540470 (e522d04694c7eb..., userDataDir: C:\Users\HUNTER\AppData\Loc...}, cssSelectorsEnabled: true, databaseEnabled: false, handlesAlerts: true, hasTouchScreen: false, javascriptEnabled: true, locationContextEnabled: true, mobileEmulationEnabled: false, nativeEvents: true, networkConnectionEnabled: false, pageLoadStrategy: normal, platform: XP, platformName: XP, rotatable: false, setWindowRect: true, takesHeapSnapshot: true, takesScreenshot: true, unexpectedAlertBehaviour: , unhandledPromptBehavior: , version: 83.0.4103.116, webStorageEnabled: true}
Session ID: 73dc9a99c22ac57ae6de50ccc3c9e613
*** Element info: {Using=id, value=importFileUpload}">
      <![CDATA[org.openqa.selenium.NoSuchElementException: no such element: Unable to locate element: {"method":"id","selector":"importFileUpload"}
  (Session info: chrome=83.0.4103.116)
  (Driver info: chromedriver=2.36.540470 (e522d04694c7ebea4ba8821272dbef4f9b818c91),platform=Windows NT 10.0.18363 x86_64) (WARNING: The server did not provide any stacktrace information)
Command duration or timeout: 0 milliseconds
For documentation on this error, please visit: http://seleniumhq.org/exceptions/no_such_element.html
Build info: version: '3.8.1', revision: '6e95a6684b', time: '2017-12-01T18:33:54.468Z'
System info: host: 'HUNTER', ip: '192.168.0.107', os.name: 'Windows 10', os.arch: 'amd64', os.version: '10.0', java.version: '1.8.0_251'
Driver info: org.openqa.selenium.chrome.ChromeDriver
Capabilities {acceptInsecureCerts: false, acceptSslCerts: false, applicationCacheEnabled: false, browserConnectionEnabled: false, browserName: chrome, chrome: {chromedriverVersion: 2.36.540470 (e522d04694c7eb..., userDataDir: C:\Users\HUNTER\AppData\Loc...}, cssSelectorsEnabled: true, databaseEnabled: false, handlesAlerts: true, hasTouchScreen: false, javascriptEnabled: true, locationContextEnabled: true, mobileEmulationEnabled: false, nativeEvents: true, networkConnectionEnabled: false, pageLoadStrategy: normal, platform: XP, platformName: XP, rotatable: false, setWindowRect: true, takesHeapSnapshot: true, takesScreenshot: true, unexpectedAlertBehaviour: , unhandledPromptBehavior: , version: 83.0.4103.116, webStorageEnabled: true}
Session ID: 73dc9a99c22ac57ae6de50ccc3c9e613
*** Element info: {Using=id, value=importFileUpload}
	at org.openqa.selenium.remote.ErrorHandler.createThrowable(ErrorHandler.java:214)
	at org.openqa.selenium.remote.ErrorHandler.throwIfResponseFailed(ErrorHandler.java:166)
	at org.openqa.selenium.remote.http.JsonHttpResponseCodec.reconstructValue(JsonHttpResponseCodec.java:40)
	at org.openqa.selenium.remote.http.AbstractHttpResponseCodec.decode(AbstractHttpResponseCodec.java:80)
	at org.openqa.selenium.remote.http.AbstractHttpResponseCodec.decode(AbstractHttpResponseCodec.java:44)
	at org.openqa.selenium.remote.HttpCommandExecutor.execute(HttpCommandExecutor.java:164)
	at org.openqa.selenium.remote.service.DriverCommandExecutor.execute(DriverCommandExecutor.java:83)
	at org.openqa.selenium.remote.RemoteWebDriver.execute(RemoteWebDriver.java:601)
	at org.openqa.selenium.remote.RemoteWebDriver.findElement(RemoteWebDriver.java:371)
	at org.openqa.selenium.remote.RemoteWebDriver.findElementById(RemoteWebDriver.java:417)
	at org.openqa.selenium.By$ById.findElement(By.java:218)
	at org.openqa.selenium.remote.RemoteWebDriver.findElement(RemoteWebDriver.java:363)
	at org.openqa.selenium.support.pagefactory.DefaultElementLocator.findElement(DefaultElementLocator.java:69)
	at org.openqa.selenium.support.pagefactory.internal.LocatingElementHandler.invoke(LocatingElementHandler.java:38)
	at com.sun.proxy.$Proxy9.getTagName(Unknown Source)
	at org.fluentlenium.core.domain.FluentWebElement.getTagName(FluentWebElement.java:171)
	at org.fluentlenium.core.domain.FluentWebElement.isInputOfTypeFile(FluentWebElement.java:282)
	at org.fluentlenium.core.domain.FluentWebElement.clear(FluentWebElement.java:53)
	at org.fluentlenium.core.domain.FluentWebElement.text(FluentWebElement.java:76)
	at org.fluentlenium.core.domain.FluentWebElement.text(FluentWebElement.java:17)
	at org.fluentlenium.core.action.FillConstructor.with(FillConstructor.java:37)
	at core.pages.pim.Imports.ManageImport_Page.uploadFile(ManageImport_Page.java:253)
	at unbxdTests.testNg.ui.pim.ProductImport_Tests.verifyProductImports(ProductImport_Tests.java:86)
... Removed 28 stack frames]]>
    </failure>
  </testcase> <!-- verifyProductImports -->
  <testcase name="verifyFailedProductsCount" time="24.093" classname="unbxdTests.testNg.ui.pim.ProductImport_Tests">
    <failure type="java.lang.AssertionError" message="expected [0] but found [null]">
      <![CDATA[java.lang.AssertionError: expected [0] but found [null]
	at unbxdTests.testNg.ui.pim.ProductImport_Tests.verifyFailedProductsCount(ProductImport_Tests.java:103)
... Removed 31 stack frames]]>
    </failure>
  </testcase> <!-- verifyFailedProductsCount -->
  <testcase name="verifyTotalProductsCount" time="24.091" classname="unbxdTests.testNg.ui.pim.ProductImport_Tests">
    <failure type="java.lang.AssertionError" message="expected [20] but found [null]">
      <![CDATA[java.lang.AssertionError: expected [20] but found [null]
	at unbxdTests.testNg.ui.pim.ProductImport_Tests.verifyTotalProductsCount(ProductImport_Tests.java:108)
... Removed 31 stack frames]]>
    </failure>
  </testcase> <!-- verifyTotalProductsCount -->
  <testcase name="verifyProcessedProductsCount" time="24.104" classname="unbxdTests.testNg.ui.pim.ProductImport_Tests">
    <failure type="java.lang.AssertionError" message="expected [20] but found [null]">
      <![CDATA[java.lang.AssertionError: expected [20] but found [null]
	at unbxdTests.testNg.ui.pim.ProductImport_Tests.verifyProcessedProductsCount(ProductImport_Tests.java:113)
... Removed 31 stack frames]]>
    </failure>
  </testcase> <!-- verifyProcessedProductsCount -->
</testsuite> <!-- Product Import Tests -->
