<?xml version="1.0" encoding="UTF-8"?>
<!-- Generated by org.testng.reporters.JUnitXMLReporter -->
<testsuite hostname="HUNTER" ignored="0" name="Property Tests" tests="13" failures="11" timestamp="08 Jul 2020 05:21:56 GMT" time="661.997" errors="0">
  <testcase name="openPropertyPageFromManageTab" time="5.652" classname="unbxdTests.testNg.ui.pim.Property_Tests"/>
  <testcase name="openPropertyPageFromCreateProperties" time="0.173" classname="unbxdTests.testNg.ui.pim.Property_Tests"/>
  <testcase name="verifyPropertiesPageContentWhenThereIsNoProperty" time="28.474" classname="unbxdTests.testNg.ui.pim.Property_Tests">
    <failure type="java.lang.AssertionError" message="expected [Properties are product characteristics, customizable units of product information, for example, product_color, product_size etc.
Just enter the property name, select data type, and you have a new property.] but found [null]">
      <![CDATA[java.lang.AssertionError: expected [Properties are product characteristics, customizable units of product information, for example, product_color, product_size etc.
Just enter the property name, select data type, and you have a new property.] but found [null]
	at unbxdTests.testNg.ui.pim.Property_Tests.verifyPropertiesPageContentWhenThereIsNoProperty(Property_Tests.java:108)
... Removed 31 stack frames]]>
    </failure>
  </testcase> <!-- verifyPropertiesPageContentWhenThereIsNoProperty -->
  <testcase name="createProperty" time="61.302" classname="unbxdTests.testNg.ui.pim.Property_Tests">
    <failure type="java.lang.AssertionError" message="expected [Property Test 1] but found [Fail : Error while Getting Attribute &amp;apos;value&amp;apos; value from &amp;apos;Property Name InputBox&amp;apos; : no such element: Unable to locate element: {&amp;quot;method&amp;quot;:&amp;quot;name&amp;quot;,&amp;quot;selector&amp;quot;:&amp;quot;name&amp;quot;}
  (Session info: chrome=83.0.4103.116)
  (Driver info: chromedriver=2.36.540470 (e522d04694c7ebea4ba8821272dbef4f9b818c91),platform=Windows NT 10.0.18363 x86_64) (WARNING: The server did not provide any stacktrace information)
Command duration or timeout: 0 milliseconds
For documentation on this error, please visit: http://seleniumhq.org/exceptions/no_such_element.html
Build info: version: &amp;apos;3.8.1&amp;apos;, revision: &amp;apos;6e95a6684b&amp;apos;, time: &amp;apos;2017-12-01T18:33:54.468Z&amp;apos;
System info: host: &amp;apos;HUNTER&amp;apos;, ip: &amp;apos;192.168.0.107&amp;apos;, os.name: &amp;apos;Windows 10&amp;apos;, os.arch: &amp;apos;amd64&amp;apos;, os.version: &amp;apos;10.0&amp;apos;, java.version: &amp;apos;1.8.0_251&amp;apos;
Driver info: org.openqa.selenium.chrome.ChromeDriver
Capabilities {acceptInsecureCerts: false, acceptSslCerts: false, applicationCacheEnabled: false, browserConnectionEnabled: false, browserName: chrome, chrome: {chromedriverVersion: 2.36.540470 (e522d04694c7eb..., userDataDir: C:\Users\HUNTER\AppData\Loc...}, cssSelectorsEnabled: true, databaseEnabled: false, handlesAlerts: true, hasTouchScreen: false, javascriptEnabled: true, locationContextEnabled: true, mobileEmulationEnabled: false, nativeEvents: true, networkConnectionEnabled: false, pageLoadStrategy: normal, platform: XP, platformName: XP, rotatable: false, setWindowRect: true, takesHeapSnapshot: true, takesScreenshot: true, unexpectedAlertBehaviour: , unhandledPromptBehavior: , version: 83.0.4103.116, webStorageEnabled: true}
Session ID: e7c2eae23d540665d8b395b8f5352ffd
*** Element info: {Using=name, value=name}]">
      <![CDATA[java.lang.AssertionError: expected [Property Test 1] but found [Fail : Error while Getting Attribute 'value' value from 'Property Name InputBox' : no such element: Unable to locate element: {"method":"name","selector":"name"}
  (Session info: chrome=83.0.4103.116)
  (Driver info: chromedriver=2.36.540470 (e522d04694c7ebea4ba8821272dbef4f9b818c91),platform=Windows NT 10.0.18363 x86_64) (WARNING: The server did not provide any stacktrace information)
Command duration or timeout: 0 milliseconds
For documentation on this error, please visit: http://seleniumhq.org/exceptions/no_such_element.html
Build info: version: '3.8.1', revision: '6e95a6684b', time: '2017-12-01T18:33:54.468Z'
System info: host: 'HUNTER', ip: '192.168.0.107', os.name: 'Windows 10', os.arch: 'amd64', os.version: '10.0', java.version: '1.8.0_251'
Driver info: org.openqa.selenium.chrome.ChromeDriver
Capabilities {acceptInsecureCerts: false, acceptSslCerts: false, applicationCacheEnabled: false, browserConnectionEnabled: false, browserName: chrome, chrome: {chromedriverVersion: 2.36.540470 (e522d04694c7eb..., userDataDir: C:\Users\HUNTER\AppData\Loc...}, cssSelectorsEnabled: true, databaseEnabled: false, handlesAlerts: true, hasTouchScreen: false, javascriptEnabled: true, locationContextEnabled: true, mobileEmulationEnabled: false, nativeEvents: true, networkConnectionEnabled: false, pageLoadStrategy: normal, platform: XP, platformName: XP, rotatable: false, setWindowRect: true, takesHeapSnapshot: true, takesScreenshot: true, unexpectedAlertBehaviour: , unhandledPromptBehavior: , version: 83.0.4103.116, webStorageEnabled: true}
Session ID: e7c2eae23d540665d8b395b8f5352ffd
*** Element info: {Using=name, value=name}]
	at unbxdTests.testNg.ui.pim.Property_Tests.createProperty(Property_Tests.java:115)
... Removed 31 stack frames]]>
    </failure>
  </testcase> <!-- createProperty -->
  <testcase name="searchProperty" time="1.597" classname="unbxdTests.testNg.ui.pim.Property_Tests">
    <failure type="java.lang.AssertionError" message="Lists differ at element [0]: Property Test 1 !=  expected [Property Test 1] but found []">
      <![CDATA[java.lang.AssertionError: Lists differ at element [0]: Property Test 1 !=  expected [Property Test 1] but found []
	at unbxdTests.testNg.ui.pim.Property_Tests.searchProperty(Property_Tests.java:126)
... Removed 30 stack frames]]>
    </failure>
  </testcase> <!-- searchProperty -->
  <testcase name="editPropertyDetails" time="1.29" classname="unbxdTests.testNg.ui.pim.Property_Tests">
    <failure type="java.lang.AssertionError" message="Lists differ at element [0]: Property Test 1 !=  expected [Property Test 1] but found []">
      <![CDATA[java.lang.AssertionError: Lists differ at element [0]: Property Test 1 !=  expected [Property Test 1] but found []
	at unbxdTests.testNg.ui.pim.Property_Tests.searchProperty(Property_Tests.java:126)
	at unbxdTests.testNg.ui.pim.Property_Tests.editPropertyDetails(Property_Tests.java:132)
... Removed 30 stack frames]]>
    </failure>
  </testcase> <!-- editPropertyDetails -->
  <testcase name="searchRolesInPermissionForRoles" time="12.405" classname="unbxdTests.testNg.ui.pim.Property_Tests">
    <failure type="java.lang.IndexOutOfBoundsException" message="Index: 0, Size: 0">
      <![CDATA[java.lang.IndexOutOfBoundsException: Index: 0, Size: 0
	at java.util.ArrayList.rangeCheck(Unknown Source)
	at java.util.ArrayList.get(Unknown Source)
	at org.fluentlenium.core.FluentAdapter$FluentListInvocationHandler.invoke(FluentAdapter.java:204)
	at com.sun.proxy.$Proxy10.get(Unknown Source)
	at core.pages.pim.Properties.Properties_Page.PropertyListing_page.clickOnEditProperty(PropertyListing_page.java:122)
	at unbxdTests.testNg.ui.pim.Property_Tests.searchRolesInPermissionForRoles(Property_Tests.java:153)
... Removed 29 stack frames]]>
    </failure>
  </testcase> <!-- searchRolesInPermissionForRoles -->
  <testcase name="verifyPropertyGroupPageContentWhenThereIsNoProperty" time="28.599" classname="unbxdTests.testNg.ui.pim.Property_Tests">
    <failure type="java.lang.AssertionError" message="expected [Property group lets you group multiple properties so that you have easy accessibility of product information.
Just enter the group name, select associated properties, and you have a new property group.] but found [null]">
      <![CDATA[java.lang.AssertionError: expected [Property group lets you group multiple properties so that you have easy accessibility of product information.
Just enter the group name, select associated properties, and you have a new property group.] but found [null]
	at unbxdTests.testNg.ui.pim.Property_Tests.verifyPropertyGroupPageContentWhenThereIsNoProperty(Property_Tests.java:168)
... Removed 31 stack frames]]>
    </failure>
  </testcase> <!-- verifyPropertyGroupPageContentWhenThereIsNoProperty -->
  <testcase name="createPropertyGroup" time="108.567" classname="unbxdTests.testNg.ui.pim.Property_Tests">
    <failure type="java.lang.AssertionError" message="Lists differ at element [0]: Property Group A (0 Property ) != Property Group A (0 Property) expected [Property Group A (0 Property )] but found [Property Group A (0 Property)]">
      <![CDATA[java.lang.AssertionError: Lists differ at element [0]: Property Group A (0 Property ) != Property Group A (0 Property) expected [Property Group A (0 Property )] but found [Property Group A (0 Property)]
	at unbxdTests.testNg.ui.pim.Property_Tests.createPropertyGroup(Property_Tests.java:181)
... Removed 30 stack frames]]>
    </failure>
  </testcase> <!-- createPropertyGroup -->
  <testcase name="verifyPropertiesAvailable" time="16.738" classname="unbxdTests.testNg.ui.pim.Property_Tests">
    <failure type="java.lang.AssertionError" message="Collections not equal: expected: [Updated Property 1 Number] and actual: null">
      <![CDATA[java.lang.AssertionError: Collections not equal: expected: [Updated Property 1 Number] and actual: null
	at unbxdTests.testNg.ui.pim.Property_Tests.verifyPropertiesAvailable(Property_Tests.java:192)
... Removed 28 stack frames]]>
    </failure>
  </testcase> <!-- verifyPropertiesAvailable -->
  <testcase name="verifyPropertyAdditionToProductGroup" time="57.944" classname="unbxdTests.testNg.ui.pim.Property_Tests">
    <failure type="java.lang.AssertionError" message="expected [Property group successfully updated] but found [A property can belong to only one property group. If a property belongs to “Property Group A” and you try to add it to “Property Group B”, thereon the property will be assigned to only “Property Group B”.]">
      <![CDATA[java.lang.AssertionError: expected [Property group successfully updated] but found [A property can belong to only one property group. If a property belongs to “Property Group A” and you try to add it to “Property Group B”, thereon the property will be assigned to only “Property Group B”.]
	at unbxdTests.testNg.ui.pim.Property_Tests.verifyPropertyAdditionToProductGroup(Property_Tests.java:204)
... Removed 31 stack frames]]>
    </failure>
  </testcase> <!-- verifyPropertyAdditionToProductGroup -->
  <testcase name="deleteProperty" time="60.332" classname="unbxdTests.testNg.ui.pim.Property_Tests">
    <failure type="java.lang.IndexOutOfBoundsException" message="Index: 0, Size: 0">
      <![CDATA[java.lang.IndexOutOfBoundsException: Index: 0, Size: 0
	at java.util.ArrayList.rangeCheck(Unknown Source)
	at java.util.ArrayList.get(Unknown Source)
	at org.fluentlenium.core.FluentAdapter$FluentListInvocationHandler.invoke(FluentAdapter.java:204)
	at com.sun.proxy.$Proxy10.get(Unknown Source)
	at core.pages.pim.Properties.Properties_Page.PropertyListing_page.clickOnEditProperty(PropertyListing_page.java:122)
	at unbxdTests.testNg.ui.pim.Property_Tests.deleteProperty(Property_Tests.java:219)
... Removed 29 stack frames]]>
    </failure>
  </testcase> <!-- deleteProperty -->
  <testcase name="deletePropertyGroup" time="141.077" classname="unbxdTests.testNg.ui.pim.Property_Tests">
    <failure type="java.lang.AssertionError" message="expected [Property group lets you group multiple properties so that you have easy accessibility of product information.
Just enter the group name, select associated properties, and you have a new property group.] but found [null]">
      <![CDATA[java.lang.AssertionError: expected [Property group lets you group multiple properties so that you have easy accessibility of product information.
Just enter the group name, select associated properties, and you have a new property group.] but found [null]
	at unbxdTests.testNg.ui.pim.Property_Tests.deletePropertyGroup(Property_Tests.java:237)
... Removed 31 stack frames]]>
    </failure>
  </testcase> <!-- deletePropertyGroup -->
</testsuite> <!-- Property Tests -->
