<?xml version="1.0" encoding="UTF-8"?>
<!-- Generated by org.testng.reporters.JUnitXMLReporter -->
<testsuite hostname="HUNTER" ignored="1" name="Roles Tests" tests="9" failures="3" timestamp="15 Jul 2020 05:54:45 GMT" time="320.826" errors="0">
  <testcase name="verifyRolesPage" time="0.008" classname="unbxdTests.testNg.ui.pim.Roles_Tests"/>
  <testcase name="verifyRoleCreation" time="10.852" classname="unbxdTests.testNg.ui.pim.Roles_Tests"/>
  <testcase name="verifyRoleName" time="4.246" classname="unbxdTests.testNg.ui.pim.Roles_Tests"/>
  <testcase name="verifyTheMembersDisplayedInMemberSection" time="7.735" classname="unbxdTests.testNg.ui.pim.Roles_Tests"/>
  <testcase name="verifyTheSystemPermissions" time="9.43" classname="unbxdTests.testNg.ui.pim.Roles_Tests"/>
  <testcase name="addMemberToRole" time="12.834" classname="unbxdTests.testNg.ui.pim.Roles_Tests">
    <failure type="java.lang.AssertionError" message="expected [Role details successfully updated] but found [Successfully updated the member details of the &amp;apos;not_admin&amp;apos; role]">
      <![CDATA[java.lang.AssertionError: expected [Role details successfully updated] but found [Successfully updated the member details of the 'not_admin' role]
	at unbxdTests.testNg.ui.pim.Roles_Tests.addMemberToRole(Roles_Tests.java:148)
... Removed 31 stack frames]]>
    </failure>
  </testcase> <!-- addMemberToRole -->
  <testcase name="verifyUpdatingRole" time="92.648" classname="unbxdTests.testNg.ui.pim.Roles_Tests">
    <failure type="java.lang.AssertionError" message="expected [Role details successfully updated] but found [null]">
      <![CDATA[java.lang.AssertionError: expected [Role details successfully updated] but found [null]
	at unbxdTests.testNg.ui.pim.Roles_Tests.verifyUpdatingRole(Roles_Tests.java:166)
... Removed 31 stack frames]]>
    </failure>
  </testcase> <!-- verifyUpdatingRole -->
  <testcase name="verifyTheRoleDetailsInMembersPage" time="6.405" classname="unbxdTests.testNg.ui.pim.Roles_Tests">
    <failure type="java.lang.AssertionError" message="expected [true] but found [false]">
      <![CDATA[java.lang.AssertionError: expected [true] but found [false]
	at unbxdTests.testNg.ui.pim.Roles_Tests.verifyTheRoleDetailsInMembersPage(Roles_Tests.java:175)
... Removed 29 stack frames]]>
    </failure>
  </testcase> <!-- verifyTheRoleDetailsInMembersPage -->
  <testcase name="verifyRoleDeletion" time="68.829" classname="unbxdTests.testNg.ui.pim.Roles_Tests"/>
  <testcase name="verifyThePropertyPermissions" time="0.0" classname="unbxdTests.testNg.ui.pim.Roles_Tests">
    <ignored/>
  </testcase> <!-- verifyThePropertyPermissions -->
</testsuite> <!-- Roles Tests -->
