<?xml version="1.0" encoding="UTF-8"?>
<!-- Generated by org.testng.reporters.JUnitXMLReporter -->
<testsuite hostname="HUNTER" ignored="0" name="Tasks Tests" tests="5" failures="4" timestamp="15 Jul 2020 07:12:35 GMT" time="1355.883" errors="0">
  <testcase name="openTaskPageFromManageTab" time="0.295" classname="unbxdTests.testNg.ui.pim.Tasks_Tests"/>
  <testcase name="verifyTaskTemplateCreation" time="14.766" classname="unbxdTests.testNg.ui.pim.Tasks_Tests">
    <failure type="java.lang.AssertionError" message="expected [true] but found [false]">
      <![CDATA[java.lang.AssertionError: expected [true] but found [false]
	at unbxdTests.testNg.ui.pim.Tasks_Tests.verifyTaskTemplateCreation(Tasks_Tests.java:117)
... Removed 29 stack frames]]>
    </failure>
  </testcase> <!-- verifyTaskTemplateCreation -->
  <testcase name="verifyTaskCreationUsingTaskTemplate" time="199.476" classname="unbxdTests.testNg.ui.pim.Tasks_Tests">
    <failure type="java.lang.AssertionError" message="expected [qa_AUTO_Nikhil_notAdmin] but found [null]">
      <![CDATA[java.lang.AssertionError: expected [qa_AUTO_Nikhil_notAdmin] but found [null]
	at unbxdTests.testNg.ui.pim.Tasks_Tests.verifyTaskCreationUsingTaskTemplate(Tasks_Tests.java:136)
... Removed 31 stack frames]]>
    </failure>
  </testcase> <!-- verifyTaskCreationUsingTaskTemplate -->
  <testcase name="verifyTaskCreationFromScratch" time="729.331" classname="unbxdTests.testNg.ui.pim.Tasks_Tests">
    <failure type="java.lang.AssertionError" message="expected [Task created successfully] but found [null]">
      <![CDATA[java.lang.AssertionError: expected [Task created successfully] but found [null]
	at unbxdTests.testNg.ui.pim.Tasks_Tests.verifyTaskCreationFromScratch(Tasks_Tests.java:161)
... Removed 31 stack frames]]>
    </failure>
  </testcase> <!-- verifyTaskCreationFromScratch -->
  <testcase name="verifyTaskTemplateEdit" time="384.587" classname="unbxdTests.testNg.ui.pim.Tasks_Tests">
    <failure type="java.lang.AssertionError" message="expected [1 Properties selected] but found [null]">
      <![CDATA[java.lang.AssertionError: expected [1 Properties selected] but found [null]
	at unbxdTests.testNg.ui.pim.Tasks_Tests.verifyTaskTemplateEdit(Tasks_Tests.java:175)
... Removed 31 stack frames]]>
    </failure>
  </testcase> <!-- verifyTaskTemplateEdit -->
</testsuite> <!-- Tasks Tests -->
