<?xml version="1.0" encoding="UTF-8"?>
<!-- Generated by org.testng.reporters.JUnitXMLReporter -->
<testsuite hostname="HUNTER" ignored="0" name="WorkFlow Tests" tests="11" failures="3" timestamp="15 Jul 2020 08:32:21 GMT" time="594.363" errors="0">
  <testcase name="verifyWorkflowPage" time="3.384" classname="unbxdTests.testNg.ui.pim.Workflow_Tests"/>
  <testcase name="verifyWorkflowCreation" time="12.875" classname="unbxdTests.testNg.ui.pim.Workflow_Tests"/>
  <testcase name="verifyWorkflowInTheListingPage" time="1.343" classname="unbxdTests.testNg.ui.pim.Workflow_Tests"/>
  <testcase name="verifyAddingImportNode" time="25.631" classname="unbxdTests.testNg.ui.pim.Workflow_Tests"/>
  <testcase name="verifyAddingFiltersPIMNode" time="17.394" classname="unbxdTests.testNg.ui.pim.Workflow_Tests"/>
  <testcase name="verifyAddingBulkEditNode" time="9.372" classname="unbxdTests.testNg.ui.pim.Workflow_Tests"/>
  <testcase name="verifyCertifyToNetworkNode" time="11.492" classname="unbxdTests.testNg.ui.pim.Workflow_Tests"/>
  <testcase name="verifyAddingFiltersNetworkProductNode" time="17.896" classname="unbxdTests.testNg.ui.pim.Workflow_Tests"/>
  <testcase name="verifyConfigureExportNode" time="28.063" classname="unbxdTests.testNg.ui.pim.Workflow_Tests">
    <failure type="java.lang.AssertionError" message="expected [Workflow successfully updated] but found [Please select an adapter with property mappings done]">
      <![CDATA[java.lang.AssertionError: expected [Workflow successfully updated] but found [Please select an adapter with property mappings done]
	at unbxdTests.testNg.ui.pim.Workflow_Tests.verifyConfigureExportNode(Workflow_Tests.java:276)
... Removed 31 stack frames]]>
    </failure>
  </testcase> <!-- verifyConfigureExportNode -->
  <testcase name="verifySchedulingWorkFlow" time="65.021" classname="unbxdTests.testNg.ui.pim.Workflow_Tests">
    <failure type="java.lang.AssertionError" message="expected [We have initiated the workflow and will start in sometime] but found [Please select an adapter with property mappings done]">
      <![CDATA[java.lang.AssertionError: expected [We have initiated the workflow and will start in sometime] but found [Please select an adapter with property mappings done]
	at unbxdTests.testNg.ui.pim.Workflow_Tests.verifySchedulingWorkFlow(Workflow_Tests.java:285)
... Removed 31 stack frames]]>
    </failure>
  </testcase> <!-- verifySchedulingWorkFlow -->
  <testcase name="verifyWFStatus" time="204.867" classname="unbxdTests.testNg.ui.pim.Workflow_Tests">
    <failure type="org.openqa.selenium.WebDriverException" message="chrome not reachable
  (Session info: chrome=83.0.4103.116)
  (Driver info: chromedriver=2.36.540470 (e522d04694c7ebea4ba8821272dbef4f9b818c91),platform=Windows NT 10.0.18363 x86_64) (WARNING: The server did not provide any stacktrace information)
Command duration or timeout: 0 milliseconds
Build info: version: &amp;apos;3.8.1&amp;apos;, revision: &amp;apos;6e95a6684b&amp;apos;, time: &amp;apos;2017-12-01T18:33:54.468Z&amp;apos;
System info: host: &amp;apos;HUNTER&amp;apos;, ip: &amp;apos;192.168.0.107&amp;apos;, os.name: &amp;apos;Windows 10&amp;apos;, os.arch: &amp;apos;amd64&amp;apos;, os.version: &amp;apos;10.0&amp;apos;, java.version: &amp;apos;1.8.0_251&amp;apos;
Driver info: org.openqa.selenium.chrome.ChromeDriver
Capabilities {acceptInsecureCerts: false, acceptSslCerts: false, applicationCacheEnabled: false, browserConnectionEnabled: false, browserName: chrome, chrome: {chromedriverVersion: 2.36.540470 (e522d04694c7eb..., userDataDir: C:\Users\HUNTER\AppData\Loc...}, cssSelectorsEnabled: true, databaseEnabled: false, handlesAlerts: true, hasTouchScreen: false, javascriptEnabled: true, locationContextEnabled: true, mobileEmulationEnabled: false, nativeEvents: true, networkConnectionEnabled: false, pageLoadStrategy: normal, platform: XP, platformName: XP, rotatable: false, setWindowRect: true, takesHeapSnapshot: true, takesScreenshot: true, unexpectedAlertBehaviour: , unhandledPromptBehavior: , version: 83.0.4103.116, webStorageEnabled: true}
Session ID: 71cf6d1bd8489b0c3a76e523b07abf90
*** Element info: {Using=css selector, value=.single-select .drop-down-button .caret}">
      <![CDATA[org.openqa.selenium.WebDriverException: chrome not reachable
  (Session info: chrome=83.0.4103.116)
  (Driver info: chromedriver=2.36.540470 (e522d04694c7ebea4ba8821272dbef4f9b818c91),platform=Windows NT 10.0.18363 x86_64) (WARNING: The server did not provide any stacktrace information)
Command duration or timeout: 0 milliseconds
Build info: version: '3.8.1', revision: '6e95a6684b', time: '2017-12-01T18:33:54.468Z'
System info: host: 'HUNTER', ip: '192.168.0.107', os.name: 'Windows 10', os.arch: 'amd64', os.version: '10.0', java.version: '1.8.0_251'
Driver info: org.openqa.selenium.chrome.ChromeDriver
Capabilities {acceptInsecureCerts: false, acceptSslCerts: false, applicationCacheEnabled: false, browserConnectionEnabled: false, browserName: chrome, chrome: {chromedriverVersion: 2.36.540470 (e522d04694c7eb..., userDataDir: C:\Users\HUNTER\AppData\Loc...}, cssSelectorsEnabled: true, databaseEnabled: false, handlesAlerts: true, hasTouchScreen: false, javascriptEnabled: true, locationContextEnabled: true, mobileEmulationEnabled: false, nativeEvents: true, networkConnectionEnabled: false, pageLoadStrategy: normal, platform: XP, platformName: XP, rotatable: false, setWindowRect: true, takesHeapSnapshot: true, takesScreenshot: true, unexpectedAlertBehaviour: , unhandledPromptBehavior: , version: 83.0.4103.116, webStorageEnabled: true}
Session ID: 71cf6d1bd8489b0c3a76e523b07abf90
*** Element info: {Using=css selector, value=.single-select .drop-down-button .caret}
	at org.openqa.selenium.remote.ErrorHandler.createThrowable(ErrorHandler.java:214)
	at org.openqa.selenium.remote.ErrorHandler.throwIfResponseFailed(ErrorHandler.java:166)
	at org.openqa.selenium.remote.http.JsonHttpResponseCodec.reconstructValue(JsonHttpResponseCodec.java:40)
	at org.openqa.selenium.remote.http.AbstractHttpResponseCodec.decode(AbstractHttpResponseCodec.java:80)
	at org.openqa.selenium.remote.http.AbstractHttpResponseCodec.decode(AbstractHttpResponseCodec.java:44)
	at org.openqa.selenium.remote.HttpCommandExecutor.execute(HttpCommandExecutor.java:164)
	at org.openqa.selenium.remote.service.DriverCommandExecutor.execute(DriverCommandExecutor.java:83)
	at org.openqa.selenium.remote.RemoteWebDriver.execute(RemoteWebDriver.java:601)
	at org.openqa.selenium.remote.RemoteWebDriver.findElements(RemoteWebDriver.java:398)
	at org.openqa.selenium.remote.RemoteWebDriver.findElementsByCssSelector(RemoteWebDriver.java:469)
	at org.openqa.selenium.By$ByCssSelector.findElements(By.java:441)
	at org.openqa.selenium.remote.RemoteWebDriver.findElements(RemoteWebDriver.java:359)
	at org.openqa.selenium.support.pagefactory.DefaultElementLocator.findElements(DefaultElementLocator.java:85)
	at org.fluentlenium.core.FluentAdapter$FluentListInvocationHandler.invoke(FluentAdapter.java:196)
	at com.sun.proxy.$Proxy13.get(Unknown Source)
	at core.components.pim.SingleSelectModal.clickOnDropDownIcon(SingleSelectModal.java:27)
	at unbxdTests.testNg.ui.pim.Workflow_Tests.verifyWFStatus(Workflow_Tests.java:297)
... Removed 29 stack frames]]>
    </failure>
  </testcase> <!-- verifyWFStatus -->
</testsuite> <!-- WorkFlow Tests -->
