<?xml version="1.0" encoding="UTF-8"?>
<!-- Generated by org.testng.reporters.JUnitReportReporter -->
<testsuite name="unbxdTests.testNg.ui.pim.UserPermissions.SetToDefault" tests="8" time="15.533" ignored="3" failures="1" timestamp="29 Jun 2020 07:31:05 GMT" skipped="0" hostname="HUNTER" errors="0">
  <testcase name="verifyIfImportIsHidden" time="0.526" classname="unbxdTests.testNg.ui.pim.UserPermissions.SetToDefault"/>
  <testcase name="verifyIfPropertiesIsHidden" time="0.552" classname="unbxdTests.testNg.ui.pim.UserPermissions.SetToDefault"/>
  <testcase name="verifyIfCatalogIsHidden" time="0.409" classname="unbxdTests.testNg.ui.pim.UserPermissions.SetToDefault"/>
  <testcase name="verifyIfTasksIsHidden" time="0.615" classname="unbxdTests.testNg.ui.pim.UserPermissions.SetToDefault"/>
  <testcase name="changeAllTheSystemPermissionsToHide" time="9.011" classname="unbxdTests.testNg.ui.pim.UserPermissions.SetToDefault">
    <failure type="java.lang.AssertionError" message="expected [System permission details for this role successfully updated] but found [Successfully updated the system permission details for the &#039;QaN_TestReadOnly&#039; role]">
      <![CDATA[java.lang.AssertionError: expected [System permission details for this role successfully updated] but found [Successfully updated the system permission details for the 'QaN_TestReadOnly' role]
	at org.testng.Assert.fail(Assert.java:94)
	at org.testng.Assert.failNotEquals(Assert.java:513)
	at org.testng.Assert.assertEqualsImpl(Assert.java:135)
	at org.testng.Assert.assertEquals(Assert.java:116)
	at org.testng.Assert.assertEquals(Assert.java:190)
	at org.testng.Assert.assertEquals(Assert.java:200)
	at unbxdTests.testNg.ui.pim.UserPermissions.SetToDefault.changeAllTheSystemPermissionsToHide(SetToDefault.java:72)
	at sun.reflect.NativeMethodAccessorImpl.invoke0(Native Method)
	at sun.reflect.NativeMethodAccessorImpl.invoke(Unknown Source)
	at sun.reflect.DelegatingMethodAccessorImpl.invoke(Unknown Source)
	at java.lang.reflect.Method.invoke(Unknown Source)
	at org.testng.internal.MethodInvocationHelper.invokeMethod(MethodInvocationHelper.java:104)
	at org.testng.internal.Invoker.invokeMethod(Invoker.java:645)
	at org.testng.internal.Invoker.invokeTestMethod(Invoker.java:851)
	at org.testng.internal.Invoker.invokeTestMethods(Invoker.java:1177)
	at org.testng.internal.TestMethodWorker.invokeTestMethods(TestMethodWorker.java:129)
	at org.testng.internal.TestMethodWorker.run(TestMethodWorker.java:112)
	at org.testng.TestRunner.privateRun(TestRunner.java:756)
	at org.testng.TestRunner.run(TestRunner.java:610)
	at org.testng.SuiteRunner.runTest(SuiteRunner.java:387)
	at org.testng.SuiteRunner.runSequentially(SuiteRunner.java:382)
	at org.testng.SuiteRunner.privateRun(SuiteRunner.java:340)
	at org.testng.SuiteRunner.run(SuiteRunner.java:289)
	at org.testng.SuiteRunnerWorker.runSuite(SuiteRunnerWorker.java:52)
	at org.testng.SuiteRunnerWorker.run(SuiteRunnerWorker.java:86)
	at org.testng.TestNG.runSuitesSequentially(TestNG.java:1293)
	at org.testng.TestNG.runSuitesLocally(TestNG.java:1218)
	at org.testng.TestNG.runSuites(TestNG.java:1133)
	at org.testng.TestNG.run(TestNG.java:1104)
	at org.testng.remote.AbstractRemoteTestNG.run(AbstractRemoteTestNG.java:115)
	at org.testng.remote.RemoteTestNG.initAndRun(RemoteTestNG.java:251)
	at org.testng.remote.RemoteTestNG.main(RemoteTestNG.java:77)
]]>
    </failure>
  </testcase> <!-- changeAllTheSystemPermissionsToHide -->
  <testcase name="verifyIfNetworkIsHidden" time="0.260" classname="unbxdTests.testNg.ui.pim.UserPermissions.SetToDefault"/>
  <testcase name="verifyOrganisationSetupIsHidden" time="4.054" classname="unbxdTests.testNg.ui.pim.UserPermissions.SetToDefault"/>
  <testcase name="verifyIfProductsIsHidden" time="0.106" classname="unbxdTests.testNg.ui.pim.UserPermissions.SetToDefault"/>
  <testcase name="updateProduct" classname="unbxdTests.testNg.ui.pim.Product_Tests">
    <skipped/>
  </testcase> <!-- updateProduct -->
  <testcase name="verifyMemberNameUpdate" classname="unbxdTests.testNg.ui.pim.Member_Tests">
    <skipped/>
  </testcase> <!-- verifyMemberNameUpdate -->
  <testcase name="verifyThePropertyPermissions" classname="unbxdTests.testNg.ui.pim.Roles_Tests">
    <skipped/>
  </testcase> <!-- verifyThePropertyPermissions -->
</testsuite> <!-- unbxdTests.testNg.ui.pim.UserPermissions.SetToDefault -->
