<?xml version="1.0" encoding="UTF-8"?>
<!-- Generated by org.testng.reporters.JUnitReportReporter -->
<testsuite name="unbxdTests.testNg.ui.pim.UserProfile_Tests" tests="1" time="24.102" ignored="7" failures="1" timestamp="29 Jun 2020 11:13:04 GMT" skipped="0" hostname="HUNTER" errors="0">
  <testcase name="verifyUserName" time="24.102" classname="unbxdTests.testNg.ui.pim.UserProfile_Tests">
    <failure type="java.lang.AssertionError" message="expected [Auto User Admin] but found [Fail : Error while Getting Attribute &#039;value&#039; value from &#039;Member Name InputBox&#039; : no such element: Unable to locate element: {&quot;method&quot;:&quot;name&quot;,&quot;selector&quot;:&quot;name&quot;}
  (Session info: chrome=83.0.4103.116)
  (Driver info: chromedriver=2.36.540470 (e522d04694c7ebea4ba8821272dbef4f9b818c91),platform=Windows NT 10.0.18363 x86_64) (WARNING: The server did not provide any stacktrace information)
Command duration or timeout: 0 milliseconds
For documentation on this error, please visit: http://seleniumhq.org/exceptions/no_such_element.html
Build info: version: &#039;3.8.1&#039;, revision: &#039;6e95a6684b&#039;, time: &#039;2017-12-01T18:33:54.468Z&#039;
System info: host: &#039;HUNTER&#039;, ip: &#039;192.168.0.107&#039;, os.name: &#039;Windows 10&#039;, os.arch: &#039;amd64&#039;, os.version: &#039;10.0&#039;, java.version: &#039;1.8.0_251&#039;
Driver info: org.openqa.selenium.chrome.ChromeDriver
Capabilities {acceptInsecureCerts: false, acceptSslCerts: false, applicationCacheEnabled: false, browserConnectionEnabled: false, browserName: chrome, chrome: {chromedriverVersion: 2.36.540470 (e522d04694c7eb..., userDataDir: C:\Users\HUNTER\AppData\Loc...}, cssSelectorsEnabled: true, databaseEnabled: false, handlesAlerts: true, hasTouchScreen: false, javascriptEnabled: true, locationContextEnabled: true, mobileEmulationEnabled: false, nativeEvents: true, networkConnectionEnabled: false, pageLoadStrategy: normal, platform: XP, platformName: XP, rotatable: false, setWindowRect: true, takesHeapSnapshot: true, takesScreenshot: true, unexpectedAlertBehaviour: , unhandledPromptBehavior: , version: 83.0.4103.116, webStorageEnabled: true}
Session ID: 839783c9b120280212591d89024e0841
*** Element info: {Using=name, value=name}]">
      <![CDATA[java.lang.AssertionError: expected [Auto User Admin] but found [Fail : Error while Getting Attribute 'value' value from 'Member Name InputBox' : no such element: Unable to locate element: {"method":"name","selector":"name"}
  (Session info: chrome=83.0.4103.116)
  (Driver info: chromedriver=2.36.540470 (e522d04694c7ebea4ba8821272dbef4f9b818c91),platform=Windows NT 10.0.18363 x86_64) (WARNING: The server did not provide any stacktrace information)
Command duration or timeout: 0 milliseconds
For documentation on this error, please visit: http://seleniumhq.org/exceptions/no_such_element.html
Build info: version: '3.8.1', revision: '6e95a6684b', time: '2017-12-01T18:33:54.468Z'
System info: host: 'HUNTER', ip: '192.168.0.107', os.name: 'Windows 10', os.arch: 'amd64', os.version: '10.0', java.version: '1.8.0_251'
Driver info: org.openqa.selenium.chrome.ChromeDriver
Capabilities {acceptInsecureCerts: false, acceptSslCerts: false, applicationCacheEnabled: false, browserConnectionEnabled: false, browserName: chrome, chrome: {chromedriverVersion: 2.36.540470 (e522d04694c7eb..., userDataDir: C:\Users\HUNTER\AppData\Loc...}, cssSelectorsEnabled: true, databaseEnabled: false, handlesAlerts: true, hasTouchScreen: false, javascriptEnabled: true, locationContextEnabled: true, mobileEmulationEnabled: false, nativeEvents: true, networkConnectionEnabled: false, pageLoadStrategy: normal, platform: XP, platformName: XP, rotatable: false, setWindowRect: true, takesHeapSnapshot: true, takesScreenshot: true, unexpectedAlertBehaviour: , unhandledPromptBehavior: , version: 83.0.4103.116, webStorageEnabled: true}
Session ID: 839783c9b120280212591d89024e0841
*** Element info: {Using=name, value=name}]
	at org.testng.Assert.fail(Assert.java:94)
	at org.testng.Assert.failNotEquals(Assert.java:513)
	at org.testng.Assert.assertEqualsImpl(Assert.java:135)
	at org.testng.Assert.assertEquals(Assert.java:116)
	at org.testng.Assert.assertEquals(Assert.java:190)
	at org.testng.Assert.assertEquals(Assert.java:200)
	at unbxdTests.testNg.ui.pim.UserProfile_Tests.verifyUserName(UserProfile_Tests.java:75)
	at sun.reflect.NativeMethodAccessorImpl.invoke0(Native Method)
	at sun.reflect.NativeMethodAccessorImpl.invoke(Unknown Source)
	at sun.reflect.DelegatingMethodAccessorImpl.invoke(Unknown Source)
	at java.lang.reflect.Method.invoke(Unknown Source)
	at org.testng.internal.MethodInvocationHelper.invokeMethod(MethodInvocationHelper.java:104)
	at org.testng.internal.Invoker.invokeMethod(Invoker.java:645)
	at org.testng.internal.Invoker.invokeTestMethod(Invoker.java:851)
	at org.testng.internal.Invoker.invokeTestMethods(Invoker.java:1177)
	at org.testng.internal.TestMethodWorker.invokeTestMethods(TestMethodWorker.java:129)
	at org.testng.internal.TestMethodWorker.run(TestMethodWorker.java:112)
	at org.testng.TestRunner.privateRun(TestRunner.java:756)
	at org.testng.TestRunner.run(TestRunner.java:610)
	at org.testng.SuiteRunner.runTest(SuiteRunner.java:387)
	at org.testng.SuiteRunner.runSequentially(SuiteRunner.java:382)
	at org.testng.SuiteRunner.privateRun(SuiteRunner.java:340)
	at org.testng.SuiteRunner.run(SuiteRunner.java:289)
	at org.testng.SuiteRunnerWorker.runSuite(SuiteRunnerWorker.java:52)
	at org.testng.SuiteRunnerWorker.run(SuiteRunnerWorker.java:86)
	at org.testng.TestNG.runSuitesSequentially(TestNG.java:1293)
	at org.testng.TestNG.runSuitesLocally(TestNG.java:1218)
	at org.testng.TestNG.runSuites(TestNG.java:1133)
	at org.testng.TestNG.run(TestNG.java:1104)
	at org.testng.remote.AbstractRemoteTestNG.run(AbstractRemoteTestNG.java:115)
	at org.testng.remote.RemoteTestNG.initAndRun(RemoteTestNG.java:251)
	at org.testng.remote.RemoteTestNG.main(RemoteTestNG.java:77)
]]>
    </failure>
  </testcase> <!-- verifyUserName -->
  <testcase name="verifyNameUpdateInMenuPage" classname="unbxdTests.testNg.ui.pim.UserProfile_Tests">
    <skipped/>
  </testcase> <!-- verifyNameUpdateInMenuPage -->
  <testcase name="verifyEmailFieldIsDisabled" classname="unbxdTests.testNg.ui.pim.UserProfile_Tests">
    <skipped/>
  </testcase> <!-- verifyEmailFieldIsDisabled -->
  <testcase name="verifyEmailID" classname="unbxdTests.testNg.ui.pim.UserProfile_Tests">
    <skipped/>
  </testcase> <!-- verifyEmailID -->
  <testcase name="verifyImageUpload" classname="unbxdTests.testNg.ui.pim.UserProfile_Tests">
    <skipped/>
  </testcase> <!-- verifyImageUpload -->
  <testcase name="verifyOrganisationProfilePage" classname="unbxdTests.testNg.ui.pim.UserProfile_Tests">
    <skipped/>
  </testcase> <!-- verifyOrganisationProfilePage -->
  <testcase name="verifyProfileImageInMenuPage" classname="unbxdTests.testNg.ui.pim.UserProfile_Tests">
    <skipped/>
  </testcase> <!-- verifyProfileImageInMenuPage -->
  <testcase name="verifyNameUpdate" classname="unbxdTests.testNg.ui.pim.UserProfile_Tests">
    <skipped/>
  </testcase> <!-- verifyNameUpdate -->
</testsuite> <!-- unbxdTests.testNg.ui.pim.UserProfile_Tests -->
